{"level":"error","message":" Something is wrong ","timestamp":"2021-09-29T14:50:18.598Z"}
{"level":"error","message":" Something is wrong ","timestamp":"2021-09-29T14:51:40.303Z"}
{"level":"error","message":" Something is wrong ","timestamp":"2021-09-29T15:02:53.388Z"}
{"level":"error","message":" Something is wrong ","timestamp":"2021-09-29T15:11:32.991Z"}
{"level":"error","message":" Something is wrong ","timestamp":"2021-09-29T15:23:57.407Z"}
{"level":"error","message":" Something is wrong ","timestamp":"2021-09-29T15:32:41.991Z"}
{"level":"error","message":" Something is wrong ","timestamp":"2021-09-29T15:35:44.908Z"}
{"level":"error","message":" Something is wrong ","timestamp":"2021-09-29T15:45:38.031Z"}
{"level":"error","message":" Something is wrong ","timestamp":"2021-09-30T03:42:14.067Z"}
{"level":"error","message":" Something is wrong ","timestamp":"2021-09-30T15:10:59.413Z"}
{"code":"EAUTH","command":"AUTH PLAIN","level":"error","response":"535-5.7.8 Username and Password not accepted. Learn more at\n535 5.7.8  https://support.google.com/mail/?p=BadCredentials o16sm3420193pgv.29 - gsmtp","responseCode":535,"timestamp":"2021-09-30T15:18:15.547Z"}
{"code":"EAUTH","command":"AUTH PLAIN","level":"error","response":"535-5.7.8 Username and Password not accepted. Learn more at\n535 5.7.8  https://support.google.com/mail/?p=BadCredentials c22sm3046750pja.10 - gsmtp","responseCode":535,"timestamp":"2021-09-30T15:32:08.233Z"}
{"code":"EAUTH","command":"AUTH PLAIN","level":"error","response":"535-5.7.8 Username and Password not accepted. Learn more at\n535 5.7.8  https://support.google.com/mail/?p=BadCredentials b20sm3512028pfp.26 - gsmtp","responseCode":535,"timestamp":"2021-09-30T15:34:44.331Z"}
{"code":"EAUTH","command":"AUTH PLAIN","level":"error","response":"535-5.7.8 Username and Password not accepted. Learn more at\n535 5.7.8  https://support.google.com/mail/?p=BadCredentials z8sm3492890pgc.53 - gsmtp","responseCode":535,"timestamp":"2021-09-30T15:36:15.651Z"}
{"code":"EAUTH","command":"AUTH PLAIN","level":"error","response":"535-5.7.8 Username and Password not accepted. Learn more at\n535 5.7.8  https://support.google.com/mail/?p=BadCredentials e19sm3417920pfd.109 - gsmtp","responseCode":535,"timestamp":"2021-09-30T15:44:42.326Z"}
{"level":"error","message":" Something is wrong ","timestamp":"2021-10-01T02:38:20.999Z"}
{"level":"error","message":" Something is wrong ","timestamp":"2021-10-02T14:29:46.249Z"}
{"code":"EAUTH","command":"AUTH PLAIN","level":"error","response":"535-5.7.8 Username and Password not accepted. Learn more at\n535 5.7.8  https://support.google.com/mail/?p=BadCredentials h13sm9028169pgf.14 - gsmtp","responseCode":535,"timestamp":"2021-10-02T14:36:44.271Z"}
{"level":"error","message":" Something is wrong ","timestamp":"2021-10-02T14:41:57.148Z"}
{"code":"EAUTH","command":"AUTH PLAIN","level":"error","response":"535-5.7.8 Username and Password not accepted. Learn more at\n535 5.7.8  https://support.google.com/mail/?p=BadCredentials o14sm9390992pfh.145 - gsmtp","responseCode":535,"timestamp":"2021-10-02T14:42:09.718Z"}
{"level":"error","message":" Something is wrong ","timestamp":"2021-10-02T14:50:02.568Z"}
{"code":"EAUTH","command":"AUTH PLAIN","level":"error","response":"535-5.7.8 Username and Password not accepted. Learn more at\n535 5.7.8  https://support.google.com/mail/?p=BadCredentials 18sm9237764pfi.60 - gsmtp","responseCode":535,"timestamp":"2021-10-02T14:50:52.452Z"}
{"level":"error","message":" Something is wrong ","timestamp":"2021-10-02T17:59:14.312Z"}
{"level":"error","message":"User with email id doesnt exists","timestamp":"2021-10-02T18:03:58.015Z"}
{"level":"error","message":"User with email id doesnt exists","timestamp":"2021-10-02T18:03:58.031Z"}
{"level":"error","message":" Something is wrong ","timestamp":"2021-10-02T18:06:11.318Z"}
{"level":"error","message":"User with email id doesnt exists","timestamp":"2021-10-02T18:06:55.884Z"}
{"level":"error","message":"User with email id doesnt exists","timestamp":"2021-10-02T18:06:55.975Z"}
{"level":"error","message":"User with email id doesnt exists","timestamp":"2021-10-02T18:07:09.462Z"}
{"level":"error","message":"User with email id doesnt exists","timestamp":"2021-10-02T18:07:09.467Z"}
{"level":"error","message":null,"timestamp":"2021-10-02T18:07:49.101Z"}
{"level":"error","message":null,"timestamp":"2021-10-02T18:22:40.239Z"}
{"level":"error","message":" Something is wrong ","timestamp":"2021-10-02T18:27:09.620Z"}
{"level":"error","message":null,"timestamp":"2021-10-02T18:27:24.935Z"}
{"level":"error","message":"User with email id doesnt exists","timestamp":"2021-10-02T18:27:58.994Z"}
{"level":"error","message":"User with email id doesnt exists","timestamp":"2021-10-02T18:27:58.997Z"}
{"level":"error","message":"User with email id doesnt exists","timestamp":"2021-10-02T18:34:48.564Z"}
{"level":"error","message":"User with email id doesnt exists","timestamp":"2021-10-02T18:34:48.566Z"}
{"level":"error","message":"User with email id doesnt exists","timestamp":"2021-10-02T18:35:27.947Z"}
{"level":"error","message":"User with email id doesnt exists","timestamp":"2021-10-02T18:35:27.948Z"}
{"level":"error","message":null,"timestamp":"2021-10-02T18:39:12.867Z"}
{"level":"error","message":"User with email id doesnt exists","timestamp":"2021-10-02T18:43:37.041Z"}
{"level":"error","message":"User with email id doesnt exists","timestamp":"2021-10-02T18:43:37.042Z"}
{"level":"error","message":"User with email id doesnt exists","timestamp":"2021-10-02T18:44:48.960Z"}
{"level":"error","message":"User with email id doesnt exists","timestamp":"2021-10-02T18:44:48.962Z"}
{"level":"error","message":"User with email id doesnt exists","timestamp":"2021-10-02T19:01:07.085Z"}
{"level":"error","message":"User with email id doesnt exists","timestamp":"2021-10-02T19:01:07.087Z"}
{"level":"error","message":null,"timestamp":"2021-10-02T19:05:15.731Z"}
{"level":"error","message":"User with email id doesnt exists","timestamp":"2021-10-02T19:06:41.079Z"}
{"level":"error","message":"User with email id doesnt exists","timestamp":"2021-10-02T19:06:41.081Z"}
{"level":"error","message":"User with email id doesnt exists","timestamp":"2021-10-02T19:07:32.914Z"}
{"level":"error","message":"User with email id doesnt exists","timestamp":"2021-10-02T19:07:32.916Z"}
{"level":"error","message":" Something is wrong ","timestamp":"2021-10-02T19:12:26.098Z"}
{"level":"error","message":"User with email id doesnt exists","timestamp":"2021-10-02T19:12:37.359Z"}
{"level":"error","message":"User with email id doesnt exists","timestamp":"2021-10-02T19:12:37.364Z"}
{"level":"error","message":"User with email id doesnt exists","timestamp":"2021-10-02T19:13:00.243Z"}
{"level":"error","message":"User with email id doesnt exists","timestamp":"2021-10-02T19:13:00.246Z"}
{"level":"error","message":" Something is wrong ","timestamp":"2021-10-02T19:21:28.467Z"}
{"level":"error","message":" Something is wrong ","timestamp":"2021-10-02T19:30:06.411Z"}
{"level":"error","message":" Something is wrong ","timestamp":"2021-10-02T19:51:50.404Z"}
{"level":"error","message":" Something is wrong ","timestamp":"2021-10-03T15:13:48.823Z"}
{"level":"error","message":" Something is wrong ","timestamp":"2021-10-03T15:18:49.317Z"}
{"level":"error","message":" Something is wrong ","timestamp":"2021-10-03T15:20:55.722Z"}
{"level":"error","message":" Something is wrong ","timestamp":"2021-10-03T15:25:42.830Z"}
{"level":"error","message":" Something is wrong ","timestamp":"2021-10-03T15:27:15.668Z"}
{"level":"error","message":" Something is wrong ","timestamp":"2021-10-03T15:44:05.845Z"}
{"level":"error","message":" Something is wrong ","timestamp":"2021-10-03T15:58:20.496Z"}
{"level":"error","message":" Something is wrong ","timestamp":"2021-10-03T16:19:45.050Z"}
{"level":"error","message":" Something is wrong ","timestamp":"2021-10-03T16:24:03.807Z"}
{"level":"error","message":" Something is wrong ","timestamp":"2021-10-03T16:26:38.778Z"}
{"level":"error","message":" Something is wrong ","timestamp":"2021-10-03T16:52:55.148Z"}
{"level":"error","message":"Internal server error","timestamp":"2021-10-03T16:53:16.886Z"}
{"level":"error","message":"Internal server error","timestamp":"2021-10-03T16:53:41.567Z"}
{"level":"error","message":"Internal server error","timestamp":"2021-10-03T16:54:03.605Z"}
{"level":"error","message":" Something is wrong ","timestamp":"2021-10-03T16:55:27.944Z"}
{"level":"error","message":"Internal server error","timestamp":"2021-10-03T16:56:14.207Z"}
{"level":"error","message":" Something is wrong ","timestamp":"2021-10-03T16:58:40.543Z"}
{"level":"error","message":" Something is wrong ","timestamp":"2021-10-03T17:03:14.919Z"}
{"level":"error","message":" Something is wrong ","timestamp":"2021-10-03T17:13:46.832Z"}
{"level":"error","message":"User with email id doesnt exists","timestamp":"2021-10-03T17:13:49.106Z"}
{"level":"error","message":"User with email id doesnt exists","timestamp":"2021-10-03T17:13:49.107Z"}
{"level":"error","message":" Something is wrong ","timestamp":"2021-10-03T17:20:50.520Z"}
{"level":"error","message":"User with email id doesnt exists","timestamp":"2021-10-03T17:20:52.276Z"}
{"level":"error","message":"User with email id doesnt exists","timestamp":"2021-10-03T17:20:52.277Z"}
{"level":"error","message":" Something is wrong ","timestamp":"2021-10-03T17:37:47.740Z"}
{"level":"error","message":" Something is wrong ","timestamp":"2021-10-03T17:39:45.629Z"}
{"level":"error","message":" Something is wrong ","timestamp":"2021-10-03T17:44:56.307Z"}
{"level":"error","message":" Something is wrong ","timestamp":"2021-10-03T18:04:43.407Z"}
{"level":"error","message":" Something is wrong ","timestamp":"2021-10-03T18:08:19.452Z"}
{"level":"error","message":" Something is wrong ","timestamp":"2021-10-04T01:58:07.838Z"}
{"level":"error","message":" Something is wrong ","timestamp":"2021-10-04T02:03:39.844Z"}
{"level":"error","message":"User with email id doesnt exists","timestamp":"2021-10-04T02:03:42.298Z"}
{"level":"error","message":"User with email id doesnt exists","timestamp":"2021-10-04T02:03:42.299Z"}
{"level":"error","message":" Something is wrong ","timestamp":"2021-10-04T03:05:47.141Z"}
{"level":"error","message":" Something is wrong ","timestamp":"2021-10-04T06:14:47.625Z"}
{"level":"error","message":" Something is wrong ","timestamp":"2021-10-04T06:28:04.439Z"}
{"level":"error","message":" Something is wrong ","timestamp":"2021-10-04T06:29:53.341Z"}
{"level":"error","message":" Something is wrong ","timestamp":"2021-10-04T06:35:53.596Z"}
{"level":"error","message":" Something is wrong ","timestamp":"2021-10-04T06:46:51.260Z"}
{"level":"error","message":" Something is wrong ","timestamp":"2021-10-04T06:50:37.289Z"}
{"level":"error","message":" Something is wrong ","timestamp":"2021-10-04T07:38:26.969Z"}
{"level":"error","message":" Something is wrong ","timestamp":"2021-10-04T07:43:16.065Z"}
{"level":"error","message":" Something is wrong ","timestamp":"2021-10-04T07:49:54.077Z"}
{"level":"error","message":" Something is wrong ","timestamp":"2021-10-04T07:57:18.657Z"}
{"level":"error","message":" Something is wrong ","timestamp":"2021-10-05T01:53:49.202Z"}
{"level":"error","message":" Something is wrong ","timestamp":"2021-10-05T02:50:14.338Z"}
{"level":"error","message":" Something is wrong ","timestamp":"2021-10-05T07:33:29.533Z"}
{"level":"error","message":"Invalid password","timestamp":"2021-10-05T07:40:30.399Z"}
{"level":"error","message":" Something is wrong ","timestamp":"2021-10-05T07:41:55.180Z"}
{"level":"error","message":"Internal server error","timestamp":"2021-10-05T07:42:14.944Z"}
{"level":"error","message":" Something is wrong ","timestamp":"2021-10-05T07:44:27.679Z"}
{"level":"error","message":"Internal server error","timestamp":"2021-10-05T07:45:46.535Z"}
{"level":"error","message":" Something is wrong ","timestamp":"2021-10-05T07:48:35.033Z"}
{"level":"error","message":" Something is wrong ","timestamp":"2021-10-05T07:55:22.388Z"}
{"level":"error","message":" Something is wrong ","timestamp":"2021-10-05T07:57:21.971Z"}
{"level":"error","message":" Something is wrong ","timestamp":"2021-10-05T07:59:12.439Z"}
{"level":"error","message":" Something is wrong ","timestamp":"2021-10-05T08:03:20.786Z"}
{"level":"error","message":" Something is wrong ","timestamp":"2021-10-05T08:17:34.360Z"}
{"level":"error","message":" Something is wrong ","timestamp":"2021-10-05T08:26:53.876Z"}
{"level":"error","message":" Something is wrong ","timestamp":"2021-10-05T13:25:36.044Z"}
{"level":"error","message":" Something is wrong ","timestamp":"2021-10-05T17:37:49.058Z"}
{"level":"error","message":" Something is wrong ","timestamp":"2021-10-05T17:40:42.607Z"}
{"level":"error","message":"Invalid password","timestamp":"2021-10-05T17:47:22.977Z"}
{"level":"error","message":" Something is wrong ","timestamp":"2021-10-05T17:54:01.161Z"}
{"level":"error","message":" Something is wrong ","timestamp":"2021-10-05T17:55:46.218Z"}
{"level":"error","message":" Something is wrong ","timestamp":"2021-10-05T17:56:29.230Z"}
{"level":"error","message":" Something is wrong ","timestamp":"2021-10-05T17:57:06.202Z"}
{"level":"error","message":" Something is wrong ","timestamp":"2021-10-05T17:58:42.965Z"}
{"level":"error","message":" Something is wrong ","timestamp":"2021-10-05T18:02:56.460Z"}
{"level":"error","message":" Something is wrong ","timestamp":"2021-10-05T18:05:23.526Z"}
{"level":"error","message":" Something is wrong ","timestamp":"2021-10-06T02:11:38.009Z"}
{"level":"error","message":" Something is wrong ","timestamp":"2021-10-06T15:20:38.467Z"}
{"level":"error","message":" Something is wrong ","timestamp":"2021-10-06T15:38:51.129Z"}
{"level":"error","message":" Something is wrong ","timestamp":"2021-10-06T15:47:14.289Z"}
{"level":"error","message":"Internal server error","timestamp":"2021-10-06T15:47:30.251Z"}
{"level":"error","message":" Something is wrong ","timestamp":"2021-10-06T15:48:32.359Z"}
{"level":"error","message":" Something is wrong ","timestamp":"2021-10-06T16:10:42.528Z"}
{"level":"error","message":" Something is wrong ","timestamp":"2021-10-07T02:13:59.347Z"}
{"level":"error","message":" Something is wrong ","timestamp":"2021-10-07T07:58:33.824Z"}
{"level":"error","message":" Something is wrong ","timestamp":"2021-10-08T01:52:02.652Z"}
{"level":"error","message":" Something is wrong ","timestamp":"2021-10-08T01:56:21.169Z"}
{"level":"error","message":" Something is wrong ","timestamp":"2021-10-08T02:41:45.425Z"}
{"level":"error","message":" Something is wrong ","timestamp":"2021-10-08T06:23:22.917Z"}
{"level":"error","message":" Something is wrong ","timestamp":"2021-10-08T07:20:52.621Z"}
{"level":"error","message":" Something is wrong ","timestamp":"2021-10-08T07:23:58.435Z"}
{"level":"error","message":" Something is wrong ","timestamp":"2021-10-08T07:27:58.357Z"}
{"level":"error","message":" Something is wrong ","timestamp":"2021-10-08T07:34:18.262Z"}
{"level":"error","message":" Something is wrong ","timestamp":"2021-10-08T10:26:57.006Z"}
{"level":"error","message":" Something is wrong ","timestamp":"2021-10-08T10:32:15.649Z"}
{"level":"error","message":" Something is wrong ","timestamp":"2021-10-08T10:51:39.966Z"}
{"level":"error","message":" Something is wrong ","timestamp":"2021-10-08T11:15:50.076Z"}
{"level":"error","message":" Something is wrong ","timestamp":"2021-10-08T11:30:53.098Z"}
{"level":"error","message":" Something is wrong ","timestamp":"2021-10-08T11:33:33.206Z"}
{"level":"error","message":" Something is wrong ","timestamp":"2021-10-08T11:35:08.667Z"}
{"level":"error","message":" Something is wrong ","timestamp":"2021-10-08T14:12:34.256Z"}
{"level":"error","message":" Something is wrong ","timestamp":"2021-10-08T14:17:41.736Z"}
{"_original":{"email":"niharikagowda1996@gmail.com","password":"niharika61"},"details":[{"context":{"key":"password","label":"password","regex":{},"value":"niharika61"},"message":"\"password\" with value \"niharika61\" fails to match the required pattern: /[A-Za-z0-9]{4,}[$&+,:;=?@#|<>.^*()%!-]{2,}/","path":["password"],"type":"string.pattern.base"}],"level":"error","timestamp":"2021-10-08T14:23:51.460Z"}
{"level":"error","message":" Something is wrong ","timestamp":"2021-10-08T14:25:07.040Z"}
{"level":"error","message":" Something is wrong ","timestamp":"2021-10-08T14:27:10.991Z"}
{"level":"error","message":"Invalid password","timestamp":"2021-10-08T14:27:22.400Z"}
{"level":"error","message":" Something is wrong ","timestamp":"2021-10-08T14:34:19.528Z"}
{"_original":{"email":"akash123@gmail.com","password":"akash12"},"details":[{"context":{"key":"password","label":"password","regex":{},"value":"akash12"},"message":"\"password\" with value \"akash12\" fails to match the required pattern: /[A-Za-z0-9]{4,}[$&+,:;=?@#|<>.^*()%!-]{2,}/","path":["password"],"type":"string.pattern.base"}],"level":"error","timestamp":"2021-10-08T14:34:21.195Z"}
{"level":"error","message":"Invalid email","timestamp":"2021-10-08T14:34:21.268Z"}
{"level":"error","message":"Invalid email","timestamp":"2021-10-08T14:34:21.268Z"}
{"_original":{"email":"akash123@gmail.com","password":"akash12"},"details":[{"context":{"key":"password","label":"password","regex":{},"value":"akash12"},"message":"\"password\" with value \"akash12\" fails to match the required pattern: /[A-Za-z0-9]{4,}[$&+,:;=?@#|<>.^*()%!-]{2,}/","path":["password"],"type":"string.pattern.base"}],"level":"error","timestamp":"2021-10-08T14:34:21.290Z"}
{"level":"error","message":"Invalid email","timestamp":"2021-10-08T14:34:21.331Z"}
{"level":"error","message":"Invalid email","timestamp":"2021-10-08T14:34:21.331Z"}
{"_original":{"email":"ak","password":"akash12$&"},"details":[{"context":{"key":"email","label":"email","regex":{},"value":"ak"},"message":"\"email\" with value \"ak\" fails to match the required pattern: /^[a-zA-Z0-9]+([+_.-][a-zA-Z0-9]+)*[@][a-zA-Z0-9]+[.][a-zA-Z]{2,4}([.][a-zA-Z]{2,4})?$/","path":["email"],"type":"string.pattern.base"}],"level":"error","timestamp":"2021-10-08T14:34:21.342Z"}
{"level":"error","message":"Invalid email","timestamp":"2021-10-08T14:34:21.383Z"}
{"level":"error","message":"Invalid email","timestamp":"2021-10-08T14:34:21.384Z"}
{"level":"error","message":" Something is wrong ","timestamp":"2021-10-08T14:36:04.168Z"}
{"_original":{"email":"akash123@gmail.com","password":"akash12"},"details":[{"context":{"key":"password","label":"password","regex":{},"value":"akash12"},"message":"\"password\" with value \"akash12\" fails to match the required pattern: /[A-Za-z0-9]{4,}[$&+,:;=?@#|<>.^*()%!-]{2,}/","path":["password"],"type":"string.pattern.base"}],"level":"error","timestamp":"2021-10-08T14:36:05.785Z"}
{"level":"error","message":"Invalid email","timestamp":"2021-10-08T14:36:05.852Z"}
{"level":"error","message":"Invalid email","timestamp":"2021-10-08T14:36:05.852Z"}
{"_original":{"email":"akash123@gmail.com","password":"akash12"},"details":[{"context":{"key":"password","label":"password","regex":{},"value":"akash12"},"message":"\"password\" with value \"akash12\" fails to match the required pattern: /[A-Za-z0-9]{4,}[$&+,:;=?@#|<>.^*()%!-]{2,}/","path":["password"],"type":"string.pattern.base"}],"level":"error","timestamp":"2021-10-08T14:36:05.873Z"}
{"level":"error","message":"Invalid email","timestamp":"2021-10-08T14:36:05.910Z"}
{"level":"error","message":"Invalid email","timestamp":"2021-10-08T14:36:05.912Z"}
{"_original":{"email":"ak","password":"akash12$&"},"details":[{"context":{"key":"email","label":"email","regex":{},"value":"ak"},"message":"\"email\" with value \"ak\" fails to match the required pattern: /^[a-zA-Z0-9]+([+_.-][a-zA-Z0-9]+)*[@][a-zA-Z0-9]+[.][a-zA-Z]{2,4}([.][a-zA-Z]{2,4})?$/","path":["email"],"type":"string.pattern.base"}],"level":"error","timestamp":"2021-10-08T14:36:05.927Z"}
{"level":"error","message":"Invalid email","timestamp":"2021-10-08T14:36:05.973Z"}
{"level":"error","message":"Invalid email","timestamp":"2021-10-08T14:36:05.975Z"}
{"level":"error","message":" Something is wrong ","timestamp":"2021-10-08T14:42:30.454Z"}
{"_original":{"email":"akash123@gmail.com","password":"akash12"},"details":[{"context":{"key":"password","label":"password","regex":{},"value":"akash12"},"message":"\"password\" with value \"akash12\" fails to match the required pattern: /[A-Za-z0-9]{4,}[$&+,:;=?@#|<>.^*()%!-]{2,}/","path":["password"],"type":"string.pattern.base"}],"level":"error","timestamp":"2021-10-08T14:42:31.425Z"}
{"level":"error","message":"Invalid email","timestamp":"2021-10-08T14:42:31.453Z"}
{"level":"error","message":"Invalid email","timestamp":"2021-10-08T14:42:31.453Z"}
{"_original":{"email":"akash123@gmail.com","password":"akash12"},"details":[{"context":{"key":"password","label":"password","regex":{},"value":"akash12"},"message":"\"password\" with value \"akash12\" fails to match the required pattern: /[A-Za-z0-9]{4,}[$&+,:;=?@#|<>.^*()%!-]{2,}/","path":["password"],"type":"string.pattern.base"}],"level":"error","timestamp":"2021-10-08T14:42:31.465Z"}
{"level":"error","message":"Invalid email","timestamp":"2021-10-08T14:42:31.486Z"}
{"level":"error","message":"Invalid email","timestamp":"2021-10-08T14:42:31.486Z"}
{"_original":{"email":"ak","password":"akash12$&"},"details":[{"context":{"key":"email","label":"email","regex":{},"value":"ak"},"message":"\"email\" with value \"ak\" fails to match the required pattern: /^[a-zA-Z0-9]+([+_.-][a-zA-Z0-9]+)*[@][a-zA-Z0-9]+[.][a-zA-Z]{2,4}([.][a-zA-Z]{2,4})?$/","path":["email"],"type":"string.pattern.base"}],"level":"error","timestamp":"2021-10-08T14:42:31.494Z"}
{"level":"error","message":"Invalid email","timestamp":"2021-10-08T14:42:31.519Z"}
{"level":"error","message":"Invalid email","timestamp":"2021-10-08T14:42:31.520Z"}
{"level":"error","message":" Something is wrong ","timestamp":"2021-10-08T14:43:38.828Z"}
{"_original":{"email":"akash123@gmail.com","password":"akash12"},"details":[{"context":{"key":"password","label":"password","regex":{},"value":"akash12"},"message":"\"password\" with value \"akash12\" fails to match the required pattern: /[A-Za-z0-9]{4,}[$&+,:;=?@#|<>.^*()%!-]{2,}/","path":["password"],"type":"string.pattern.base"}],"level":"error","timestamp":"2021-10-08T14:43:40.357Z"}
{"level":"error","message":"Invalid email","timestamp":"2021-10-08T14:43:40.387Z"}
{"level":"error","message":"Invalid email","timestamp":"2021-10-08T14:43:40.388Z"}
{"_original":{"email":"akash123@gmail.com","password":"akash12"},"details":[{"context":{"key":"password","label":"password","regex":{},"value":"akash12"},"message":"\"password\" with value \"akash12\" fails to match the required pattern: /[A-Za-z0-9]{4,}[$&+,:;=?@#|<>.^*()%!-]{2,}/","path":["password"],"type":"string.pattern.base"}],"level":"error","timestamp":"2021-10-08T14:43:40.429Z"}
{"level":"error","message":"Invalid email","timestamp":"2021-10-08T14:43:40.465Z"}
{"level":"error","message":"Invalid email","timestamp":"2021-10-08T14:43:40.466Z"}
{"_original":{"email":"ak","password":"akash12$&"},"details":[{"context":{"key":"email","label":"email","regex":{},"value":"ak"},"message":"\"email\" with value \"ak\" fails to match the required pattern: /^[a-zA-Z0-9]+([+_.-][a-zA-Z0-9]+)*[@][a-zA-Z0-9]+[.][a-zA-Z]{2,4}([.][a-zA-Z]{2,4})?$/","path":["email"],"type":"string.pattern.base"}],"level":"error","timestamp":"2021-10-08T14:43:40.480Z"}
{"level":"error","message":"Invalid email","timestamp":"2021-10-08T14:43:40.520Z"}
{"level":"error","message":"Invalid email","timestamp":"2021-10-08T14:43:40.521Z"}
{"level":"error","message":" Something is wrong ","timestamp":"2021-10-08T14:47:24.985Z"}
{"_original":{"email":"akash123@gmail.com","password":"akash12"},"details":[{"context":{"key":"password","label":"password","regex":{},"value":"akash12"},"message":"\"password\" with value \"akash12\" fails to match the required pattern: /[A-Za-z0-9]{4,}[$&+,:;=?@#|<>.^*()%!-]{2,}/","path":["password"],"type":"string.pattern.base"}],"level":"error","timestamp":"2021-10-08T14:47:26.546Z"}
{"level":"error","message":"Invalid email","timestamp":"2021-10-08T14:47:26.559Z"}
{"level":"error","message":"Invalid email","timestamp":"2021-10-08T14:47:26.560Z"}
{"_original":{"email":"akash123@gmail.com","password":"akash12"},"details":[{"context":{"key":"password","label":"password","regex":{},"value":"akash12"},"message":"\"password\" with value \"akash12\" fails to match the required pattern: /[A-Za-z0-9]{4,}[$&+,:;=?@#|<>.^*()%!-]{2,}/","path":["password"],"type":"string.pattern.base"}],"level":"error","timestamp":"2021-10-08T14:47:26.590Z"}
{"level":"error","message":"Invalid email","timestamp":"2021-10-08T14:47:26.613Z"}
{"level":"error","message":"Invalid email","timestamp":"2021-10-08T14:47:26.614Z"}
{"level":"error","message":" Something is wrong ","timestamp":"2021-10-08T14:49:23.918Z"}
{"_original":{"email":"akash123@gmail.com","password":"akash12"},"details":[{"context":{"key":"password","label":"password","regex":{},"value":"akash12"},"message":"\"password\" with value \"akash12\" fails to match the required pattern: /[A-Za-z0-9]{4,}[$&+,:;=?@#|<>.^*()%!-]{2,}/","path":["password"],"type":"string.pattern.base"}],"level":"error","timestamp":"2021-10-08T14:49:25.342Z"}
{"level":"error","message":"Invalid email","timestamp":"2021-10-08T14:49:25.357Z"}
{"level":"error","message":"Invalid email","timestamp":"2021-10-08T14:49:25.358Z"}
{"_original":{"email":"akash123@gmail.com","password":"akash12"},"details":[{"context":{"key":"password","label":"password","regex":{},"value":"akash12"},"message":"\"password\" with value \"akash12\" fails to match the required pattern: /[A-Za-z0-9]{4,}[$&+,:;=?@#|<>.^*()%!-]{2,}/","path":["password"],"type":"string.pattern.base"}],"level":"error","timestamp":"2021-10-08T14:49:25.378Z"}
{"level":"error","message":"Invalid email","timestamp":"2021-10-08T14:49:25.393Z"}
{"level":"error","message":"Invalid email","timestamp":"2021-10-08T14:49:25.394Z"}
{"level":"error","message":" Something is wrong ","timestamp":"2021-10-08T14:54:11.255Z"}
{"_original":{"email":"akash123@gmail.com","password":"akash12"},"details":[{"context":{"key":"password","label":"password","regex":{},"value":"akash12"},"message":"\"password\" with value \"akash12\" fails to match the required pattern: /[A-Za-z0-9]{4,}[$&+,:;=?@#|<>.^*()%!-]{2,}/","path":["password"],"type":"string.pattern.base"}],"level":"error","timestamp":"2021-10-08T14:54:12.685Z"}
{"level":"error","message":"Invalid email","timestamp":"2021-10-08T14:54:12.722Z"}
{"level":"error","message":"Invalid email","timestamp":"2021-10-08T14:54:12.723Z"}
{"_original":{"email":"akash123@gmail.com","password":"akash12"},"details":[{"context":{"key":"password","label":"password","regex":{},"value":"akash12"},"message":"\"password\" with value \"akash12\" fails to match the required pattern: /[A-Za-z0-9]{4,}[$&+,:;=?@#|<>.^*()%!-]{2,}/","path":["password"],"type":"string.pattern.base"}],"level":"error","timestamp":"2021-10-08T14:54:12.739Z"}
{"level":"error","message":"Invalid email","timestamp":"2021-10-08T14:54:12.791Z"}
{"level":"error","message":"Invalid email","timestamp":"2021-10-08T14:54:12.792Z"}
{"_original":{"email":"ak","password":"akash12$&"},"details":[{"context":{"key":"email","label":"email","regex":{},"value":"ak"},"message":"\"email\" with value \"ak\" fails to match the required pattern: /^[a-zA-Z0-9]+([+_.-][a-zA-Z0-9]+)*[@][a-zA-Z0-9]+[.][a-zA-Z]{2,4}([.][a-zA-Z]{2,4})?$/","path":["email"],"type":"string.pattern.base"}],"level":"error","timestamp":"2021-10-08T14:54:12.809Z"}
{"level":"error","message":"Invalid email","timestamp":"2021-10-08T14:54:12.832Z"}
{"level":"error","message":"Invalid email","timestamp":"2021-10-08T14:54:12.832Z"}
{"level":"error","message":" Something is wrong ","timestamp":"2021-10-08T14:55:39.478Z"}
{"_original":{"email":"akash123@gmail.com","password":"akash12"},"details":[{"context":{"key":"password","label":"password","regex":{},"value":"akash12"},"message":"\"password\" with value \"akash12\" fails to match the required pattern: /[A-Za-z0-9]{4,}[$&+,:;=?@#|<>.^*()%!-]{2,}/","path":["password"],"type":"string.pattern.base"}],"level":"error","timestamp":"2021-10-08T14:55:41.027Z"}
{"level":"error","message":"Invalid email","timestamp":"2021-10-08T14:55:41.041Z"}
{"level":"error","message":"Invalid email","timestamp":"2021-10-08T14:55:41.042Z"}
{"_original":{"email":"akash123@gmail.com","password":"akash12"},"details":[{"context":{"key":"password","label":"password","regex":{},"value":"akash12"},"message":"\"password\" with value \"akash12\" fails to match the required pattern: /[A-Za-z0-9]{4,}[$&+,:;=?@#|<>.^*()%!-]{2,}/","path":["password"],"type":"string.pattern.base"}],"level":"error","timestamp":"2021-10-08T14:55:41.060Z"}
{"level":"error","message":"Invalid email","timestamp":"2021-10-08T14:55:41.074Z"}
{"level":"error","message":"Invalid email","timestamp":"2021-10-08T14:55:41.074Z"}
{"level":"error","message":" Something is wrong ","timestamp":"2021-10-08T14:59:33.586Z"}
{"_original":{"email":"akash123@gmail.com","password":"akash12"},"details":[{"context":{"key":"password","label":"password","regex":{},"value":"akash12"},"message":"\"password\" with value \"akash12\" fails to match the required pattern: /[A-Za-z0-9]{4,}[$&+,:;=?@#|<>.^*()%!-]{2,}/","path":["password"],"type":"string.pattern.base"}],"level":"error","timestamp":"2021-10-08T14:59:35.120Z"}
{"level":"error","message":"Invalid email","timestamp":"2021-10-08T14:59:35.155Z"}
{"level":"error","message":"Invalid email","timestamp":"2021-10-08T14:59:35.156Z"}
{"_original":{"email":"akash123@gmail.com","password":"akash12"},"details":[{"context":{"key":"password","label":"password","regex":{},"value":"akash12"},"message":"\"password\" with value \"akash12\" fails to match the required pattern: /[A-Za-z0-9]{4,}[$&+,:;=?@#|<>.^*()%!-]{2,}/","path":["password"],"type":"string.pattern.base"}],"level":"error","timestamp":"2021-10-08T14:59:35.174Z"}
{"level":"error","message":"Invalid email","timestamp":"2021-10-08T14:59:35.191Z"}
{"level":"error","message":"Invalid email","timestamp":"2021-10-08T14:59:35.192Z"}
{"_original":{"email":"ak","password":"akash12$&"},"details":[{"context":{"key":"email","label":"email","regex":{},"value":"ak"},"message":"\"email\" with value \"ak\" fails to match the required pattern: /^[a-zA-Z0-9]+([+_.-][a-zA-Z0-9]+)*[@][a-zA-Z0-9]+[.][a-zA-Z]{2,4}([.][a-zA-Z]{2,4})?$/","path":["email"],"type":"string.pattern.base"}],"level":"error","timestamp":"2021-10-08T14:59:35.205Z"}
{"level":"error","message":"Invalid email","timestamp":"2021-10-08T14:59:35.219Z"}
{"level":"error","message":"Invalid email","timestamp":"2021-10-08T14:59:35.220Z"}
{"level":"error","message":" Something is wrong ","timestamp":"2021-10-08T15:03:00.193Z"}
{"_original":{"email":"akash123@gmail.com","password":"akash12"},"details":[{"context":{"key":"password","label":"password","regex":{},"value":"akash12"},"message":"\"password\" with value \"akash12\" fails to match the required pattern: /[A-Za-z0-9]{4,}[$&+,:;=?@#|<>.^*()%!-]{2,}/","path":["password"],"type":"string.pattern.base"}],"level":"error","timestamp":"2021-10-08T15:03:01.763Z"}
{"level":"error","message":"Invalid email","timestamp":"2021-10-08T15:03:01.778Z"}
{"level":"error","message":"Invalid email","timestamp":"2021-10-08T15:03:01.779Z"}
{"_original":{"email":"akash123@gmail.com","password":"akash12"},"details":[{"context":{"key":"password","label":"password","regex":{},"value":"akash12"},"message":"\"password\" with value \"akash12\" fails to match the required pattern: /[A-Za-z0-9]{4,}[$&+,:;=?@#|<>.^*()%!-]{2,}/","path":["password"],"type":"string.pattern.base"}],"level":"error","timestamp":"2021-10-08T15:03:01.800Z"}
{"level":"error","message":"Invalid email","timestamp":"2021-10-08T15:03:01.817Z"}
{"level":"error","message":"Invalid email","timestamp":"2021-10-08T15:03:01.819Z"}
{"level":"error","message":" Something is wrong ","timestamp":"2021-10-08T15:16:53.418Z"}
{"level":"error","message":" Something is wrong ","timestamp":"2021-10-08T15:25:33.098Z"}
{"level":"error","message":" Something is wrong ","timestamp":"2021-10-08T15:30:24.356Z"}
{"level":"error","message":" Something is wrong ","timestamp":"2021-10-08T15:52:44.588Z"}
{"level":"error","message":" Something is wrong ","timestamp":"2021-10-08T16:04:34.429Z"}
{"_original":{"email":"akash123@gmail.com","password":"akash12"},"details":[{"context":{"key":"password","label":"password","regex":{},"value":"akash12"},"message":"\"password\" with value \"akash12\" fails to match the required pattern: /[A-Za-z0-9]{4,}[$&+,:;=?@#|<>.^*()%!-]{2,}/","path":["password"],"type":"string.pattern.base"}],"level":"error","timestamp":"2021-10-08T16:04:36.043Z"}
{"level":"error","message":"Invalid email","timestamp":"2021-10-08T16:04:36.072Z"}
{"level":"error","message":"Invalid email","timestamp":"2021-10-08T16:04:36.073Z"}
{"_original":{"email":"akash123@gmail.com","password":"akash12"},"details":[{"context":{"key":"password","label":"password","regex":{},"value":"akash12"},"message":"\"password\" with value \"akash12\" fails to match the required pattern: /[A-Za-z0-9]{4,}[$&+,:;=?@#|<>.^*()%!-]{2,}/","path":["password"],"type":"string.pattern.base"}],"level":"error","timestamp":"2021-10-08T16:04:36.088Z"}
{"level":"error","message":"Invalid email","timestamp":"2021-10-08T16:04:36.122Z"}
{"level":"error","message":"Invalid email","timestamp":"2021-10-08T16:04:36.123Z"}
{"level":"error","message":" Something is wrong ","timestamp":"2021-10-08T16:07:23.512Z"}
{"level":"error","message":"Invalid password","timestamp":"2021-10-08T16:07:24.475Z"}
{"level":"error","message":" Something is wrong ","timestamp":"2021-10-08T16:09:36.493Z"}
{"_original":{"email":"akash123@gmail.com","password":"akash12"},"details":[{"context":{"key":"password","label":"password","regex":{},"value":"akash12"},"message":"\"password\" with value \"akash12\" fails to match the required pattern: /[A-Za-z0-9]{4,}[$&+,:;=?@#|<>.^*()%!-]{2,}/","path":["password"],"type":"string.pattern.base"}],"level":"error","timestamp":"2021-10-08T16:09:38.069Z"}
{"level":"error","message":"Invalid email","timestamp":"2021-10-08T16:09:38.084Z"}
{"level":"error","message":"Invalid email","timestamp":"2021-10-08T16:09:38.085Z"}
{"_original":{"email":"akash123@gmail.com","password":"akash12"},"details":[{"context":{"key":"password","label":"password","regex":{},"value":"akash12"},"message":"\"password\" with value \"akash12\" fails to match the required pattern: /[A-Za-z0-9]{4,}[$&+,:;=?@#|<>.^*()%!-]{2,}/","path":["password"],"type":"string.pattern.base"}],"level":"error","timestamp":"2021-10-08T16:09:38.101Z"}
{"level":"error","message":"Invalid email","timestamp":"2021-10-08T16:09:38.116Z"}
{"level":"error","message":"Invalid email","timestamp":"2021-10-08T16:09:38.117Z"}
{"level":"error","message":" Something is wrong ","timestamp":"2021-10-08T16:15:11.149Z"}
{"_original":{"email":"akash123@gmail.com","password":"akash12"},"details":[{"context":{"key":"password","label":"password","regex":{},"value":"akash12"},"message":"\"password\" with value \"akash12\" fails to match the required pattern: /[A-Za-z0-9]{4,}[$&+,:;=?@#|<>.^*()%!-]{2,}/","path":["password"],"type":"string.pattern.base"}],"level":"error","timestamp":"2021-10-08T16:15:12.666Z"}
{"level":"error","message":"Invalid email","timestamp":"2021-10-08T16:15:12.685Z"}
{"level":"error","message":"Invalid email","timestamp":"2021-10-08T16:15:12.686Z"}
{"_original":{"email":"akash123@gmail.com","password":"akash12"},"details":[{"context":{"key":"password","label":"password","regex":{},"value":"akash12"},"message":"\"password\" with value \"akash12\" fails to match the required pattern: /[A-Za-z0-9]{4,}[$&+,:;=?@#|<>.^*()%!-]{2,}/","path":["password"],"type":"string.pattern.base"}],"level":"error","timestamp":"2021-10-08T16:15:12.717Z"}
{"level":"error","message":"Invalid email","timestamp":"2021-10-08T16:15:12.734Z"}
{"level":"error","message":"Invalid email","timestamp":"2021-10-08T16:15:12.735Z"}
{"level":"error","message":" Something is wrong ","timestamp":"2021-10-08T16:16:57.184Z"}
{"_original":{"email":"akash123@gmail.com","password":"akash12"},"details":[{"context":{"key":"password","label":"password","regex":{},"value":"akash12"},"message":"\"password\" with value \"akash12\" fails to match the required pattern: /[A-Za-z0-9]{4,}[$&+,:;=?@#|<>.^*()%!-]{2,}/","path":["password"],"type":"string.pattern.base"}],"level":"error","timestamp":"2021-10-08T16:16:58.672Z"}
{"level":"error","message":"Invalid email","timestamp":"2021-10-08T16:16:58.686Z"}
{"level":"error","message":"Invalid email","timestamp":"2021-10-08T16:16:58.687Z"}
{"_original":{"email":"akash123@gmail.com","password":"akash12"},"details":[{"context":{"key":"password","label":"password","regex":{},"value":"akash12"},"message":"\"password\" with value \"akash12\" fails to match the required pattern: /[A-Za-z0-9]{4,}[$&+,:;=?@#|<>.^*()%!-]{2,}/","path":["password"],"type":"string.pattern.base"}],"level":"error","timestamp":"2021-10-08T16:16:58.731Z"}
{"level":"error","message":"Invalid email","timestamp":"2021-10-08T16:16:58.749Z"}
{"level":"error","message":"Invalid email","timestamp":"2021-10-08T16:16:58.749Z"}
{"level":"error","message":" Something is wrong ","timestamp":"2021-10-08T16:19:33.739Z"}
{"_original":{"email":"akash123@gmail.com","password":"akash12"},"details":[{"context":{"key":"password","label":"password","regex":{},"value":"akash12"},"message":"\"password\" with value \"akash12\" fails to match the required pattern: /[A-Za-z0-9]{4,}[$&+,:;=?@#|<>.^*()%!-]{2,}/","path":["password"],"type":"string.pattern.base"}],"level":"error","timestamp":"2021-10-08T16:19:35.305Z"}
{"level":"error","message":"Invalid email","timestamp":"2021-10-08T16:19:35.319Z"}
{"level":"error","message":"Invalid email","timestamp":"2021-10-08T16:19:35.320Z"}
{"_original":{"email":"akash123@gmail.com","password":"akash12"},"details":[{"context":{"key":"password","label":"password","regex":{},"value":"akash12"},"message":"\"password\" with value \"akash12\" fails to match the required pattern: /[A-Za-z0-9]{4,}[$&+,:;=?@#|<>.^*()%!-]{2,}/","path":["password"],"type":"string.pattern.base"}],"level":"error","timestamp":"2021-10-08T16:19:35.337Z"}
{"level":"error","message":"Invalid email","timestamp":"2021-10-08T16:19:35.353Z"}
{"level":"error","message":"Invalid email","timestamp":"2021-10-08T16:19:35.371Z"}
{"level":"error","message":" Something is wrong ","timestamp":"2021-10-08T16:29:26.520Z"}
{"level":"error","message":" Something is wrong ","timestamp":"2021-10-08T16:31:57.850Z"}
{"level":"error","message":"Invalid password","timestamp":"2021-10-08T16:31:58.228Z"}
{"level":"error","message":"Invalid password","timestamp":"2021-10-08T16:31:58.396Z"}
{"level":"error","message":" Something is wrong ","timestamp":"2021-10-08T16:33:29.566Z"}
{"level":"error","message":"Invalid password","timestamp":"2021-10-08T16:33:30.582Z"}
{"level":"error","message":" Something is wrong ","timestamp":"2021-10-08T16:36:07.830Z"}
{"level":"error","message":"Invalid password","timestamp":"2021-10-08T16:36:09.795Z"}
{"level":"error","message":" Something is wrong ","timestamp":"2021-10-08T16:43:21.413Z"}
{"level":"error","message":"Invalid password","timestamp":"2021-10-08T16:43:22.441Z"}
{"level":"error","message":" Something is wrong ","timestamp":"2021-10-08T16:44:45.614Z"}
{"_original":{"email":"akash123@gmail.com","password":"akash12"},"details":[{"context":{"key":"password","label":"password","regex":{},"value":"akash12"},"message":"\"password\" with value \"akash12\" fails to match the required pattern: /[A-Za-z0-9]{4,}[$&+,:;=?@#|<>.^*()%!-]{2,}/","path":["password"],"type":"string.pattern.base"}],"level":"error","timestamp":"2021-10-08T16:44:47.580Z"}
{"level":"error","message":"Invalid email","timestamp":"2021-10-08T16:44:47.598Z"}
{"level":"error","message":"Invalid email","timestamp":"2021-10-08T16:44:47.599Z"}
{"_original":{"email":"akash123@gmail.com","password":"akash12"},"details":[{"context":{"key":"password","label":"password","regex":{},"value":"akash12"},"message":"\"password\" with value \"akash12\" fails to match the required pattern: /[A-Za-z0-9]{4,}[$&+,:;=?@#|<>.^*()%!-]{2,}/","path":["password"],"type":"string.pattern.base"}],"level":"error","timestamp":"2021-10-08T16:44:47.632Z"}
{"level":"error","message":"Invalid email","timestamp":"2021-10-08T16:44:47.663Z"}
{"level":"error","message":"Invalid email","timestamp":"2021-10-08T16:44:47.665Z"}
{"level":"error","message":" Something is wrong ","timestamp":"2021-10-08T16:46:32.190Z"}
{"_original":{"email":"ak","password":"akash12$&"},"details":[{"context":{"key":"email","label":"email","regex":{},"value":"ak"},"message":"\"email\" with value \"ak\" fails to match the required pattern: /^[a-zA-Z0-9]+([+_.-][a-zA-Z0-9]+)*[@][a-zA-Z0-9]+[.][a-zA-Z]{2,4}([.][a-zA-Z]{2,4})?$/","path":["email"],"type":"string.pattern.base"}],"level":"error","timestamp":"2021-10-08T16:46:34.153Z"}
{"level":"error","message":"Invalid email","timestamp":"2021-10-08T16:46:34.167Z"}
{"level":"error","message":"Invalid email","timestamp":"2021-10-08T16:46:34.168Z"}
{"level":"error","message":" Something is wrong ","timestamp":"2021-10-08T16:47:32.984Z"}
{"level":"error","message":"Invalid password","timestamp":"2021-10-08T16:47:35.383Z"}
{"level":"error","message":" Something is wrong ","timestamp":"2021-10-09T02:05:10.785Z"}
{"level":"error","message":"Invalid password","timestamp":"2021-10-09T02:11:22.615Z"}
{"level":"error","message":"Invalid password","timestamp":"2021-10-09T02:11:59.152Z"}
{"level":"error","message":"Invalid password","timestamp":"2021-10-09T02:13:43.276Z"}
{"level":"error","message":"Invalid password","timestamp":"2021-10-09T02:14:29.531Z"}
{"level":"error","message":" Something is wrong ","timestamp":"2021-10-09T02:18:41.954Z"}
{"level":"error","message":"Invalid password","timestamp":"2021-10-09T02:21:26.722Z"}
{"level":"error","message":" Something is wrong ","timestamp":"2021-10-09T02:25:21.320Z"}
{"level":"error","message":" Something is wrong ","timestamp":"2021-10-09T02:58:26.977Z"}
{"level":"error","message":" Something is wrong ","timestamp":"2021-10-09T02:59:16.315Z"}
{"level":"error","message":" Something is wrong ","timestamp":"2021-10-09T03:01:17.175Z"}
{"level":"error","message":"Invalid password","timestamp":"2021-10-09T03:01:19.620Z"}
{"level":"error","message":" Something is wrong ","timestamp":"2021-10-09T03:01:46.575Z"}
{"level":"error","message":"Invalid password","timestamp":"2021-10-09T03:01:49.109Z"}
{"level":"error","message":" Something is wrong ","timestamp":"2021-10-09T03:02:06.592Z"}
{"level":"error","message":" Something is wrong ","timestamp":"2021-10-09T03:04:24.027Z"}
{"level":"error","message":" Something is wrong ","timestamp":"2021-10-09T04:15:50.933Z"}
{"level":"error","message":" Something is wrong ","timestamp":"2021-10-09T04:17:27.296Z"}
{"level":"error","message":"Invalid password","timestamp":"2021-10-09T04:17:29.665Z"}
{"level":"error","message":" Something is wrong ","timestamp":"2021-10-10T11:03:24.026Z"}
{"level":"error","message":" Something is wrong ","timestamp":"2021-10-10T11:12:42.452Z"}
{"level":"error","message":" Something is wrong ","timestamp":"2021-10-10T11:22:05.040Z"}
{"level":"error","message":"Internal server error","timestamp":"2021-10-10T11:30:05.790Z"}
{"level":"error","message":" Something is wrong ","timestamp":"2021-10-10T11:37:23.377Z"}
{"level":"error","message":"Internal server error","timestamp":"2021-10-10T11:39:29.505Z"}
{"level":"error","message":"Internal server error","timestamp":"2021-10-10T11:45:01.462Z"}
{"level":"error","message":" Something is wrong ","timestamp":"2021-10-10T11:59:01.705Z"}
{"level":"error","message":" Something is wrong ","timestamp":"2021-10-10T12:20:37.173Z"}
{"level":"error","message":"Internal server error","timestamp":"2021-10-10T12:21:18.010Z"}
{"level":"error","message":" Something is wrong ","timestamp":"2021-10-10T12:22:32.825Z"}
{"level":"error","message":" Something is wrong ","timestamp":"2021-10-10T12:31:45.640Z"}
{"level":"error","message":" Something is wrong ","timestamp":"2021-10-10T12:33:34.000Z"}
{"level":"error","message":" Something is wrong ","timestamp":"2021-10-10T15:29:52.486Z"}
{"level":"error","message":" Something is wrong ","timestamp":"2021-10-10T15:43:38.777Z"}
{"level":"error","message":" Something is wrong ","timestamp":"2021-10-10T15:56:14.156Z"}
{"level":"error","message":" Something is wrong ","timestamp":"2021-10-10T16:09:02.533Z"}
{"level":"error","message":" Something is wrong ","timestamp":"2021-10-10T16:12:24.699Z"}
{"level":"error","message":" Something is wrong ","timestamp":"2021-10-10T16:25:35.324Z"}
{"level":"error","message":" Something is wrong ","timestamp":"2021-10-10T17:45:40.937Z"}
{"level":"error","message":" Something is wrong ","timestamp":"2021-10-10T19:21:31.618Z"}
{"level":"error","message":" Something is wrong ","timestamp":"2021-10-11T01:48:25.059Z"}
{"level":"error","message":" Something is wrong ","timestamp":"2021-10-11T01:58:59.475Z"}
{"level":"error","message":" Something is wrong ","timestamp":"2021-10-11T02:00:52.629Z"}
{"level":"error","message":" Something is wrong ","timestamp":"2021-10-11T03:03:22.248Z"}
{"level":"error","message":" Something is wrong ","timestamp":"2021-10-11T10:20:51.920Z"}
{"level":"error","message":" Something is wrong ","timestamp":"2021-10-11T11:24:36.277Z"}
{"level":"error","message":" Something is wrong ","timestamp":"2021-10-11T11:25:24.836Z"}
{"level":"error","message":" Something is wrong ","timestamp":"2021-10-11T11:27:07.575Z"}
{"level":"error","message":" Something is wrong ","timestamp":"2021-10-11T11:30:23.152Z"}
{"level":"error","message":" Something is wrong ","timestamp":"2021-10-11T11:32:42.530Z"}
{"level":"error","message":" Something is wrong ","timestamp":"2021-10-11T12:46:19.541Z"}
{"level":"error","message":" Something is wrong ","timestamp":"2021-10-11T13:18:31.132Z"}
{"level":"error","message":" Something is wrong ","timestamp":"2021-10-11T13:31:23.450Z"}
{"level":"error","message":" Something is wrong ","timestamp":"2021-10-11T13:35:12.350Z"}
{"level":"error","message":" Something is wrong ","timestamp":"2021-10-11T13:39:01.814Z"}
{"level":"error","message":" Something is wrong ","timestamp":"2021-10-11T13:58:20.986Z"}
{"level":"error","message":" Something is wrong ","timestamp":"2021-10-11T14:17:39.452Z"}
{"level":"error","message":" Something is wrong ","timestamp":"2021-10-11T14:58:48.664Z"}
{"level":"error","message":" Something is wrong ","timestamp":"2021-10-11T14:59:17.158Z"}
{"level":"error","message":" Something is wrong ","timestamp":"2021-10-11T15:02:57.317Z"}
{"level":"error","message":" Something is wrong ","timestamp":"2021-10-11T15:03:51.153Z"}
{"level":"error","message":" Something is wrong ","timestamp":"2021-10-11T15:12:19.465Z"}
{"level":"error","message":" Something is wrong ","timestamp":"2021-10-11T15:17:24.905Z"}
{"level":"error","message":" Something is wrong ","timestamp":"2021-10-11T15:27:42.516Z"}
{"level":"error","message":" Something is wrong ","timestamp":"2021-10-11T17:38:18.138Z"}
{"level":"error","message":" Something is wrong ","timestamp":"2021-10-11T17:41:52.981Z"}
{"level":"error","message":" Something is wrong ","timestamp":"2021-10-11T17:58:57.650Z"}
{"level":"error","message":" Something is wrong ","timestamp":"2021-10-11T19:21:50.584Z"}
{"level":"error","message":" Something is wrong ","timestamp":"2021-10-11T19:22:34.980Z"}
{"level":"error","message":" Something is wrong ","timestamp":"2021-10-11T19:38:11.389Z"}
{"level":"error","message":" Something is wrong ","timestamp":"2021-10-12T01:56:25.266Z"}
{"level":"error","message":" Something is wrong ","timestamp":"2021-10-12T06:07:53.832Z"}
{"level":"error","message":" Something is wrong ","timestamp":"2021-10-12T06:21:26.315Z"}
{"level":"error","message":null,"timestamp":"2021-10-12T06:23:55.350Z"}
{"level":"error","message":"nullInvalid Password","timestamp":"2021-10-12T06:23:55.354Z"}
{"level":"error","message":" Something is wrong ","timestamp":"2021-10-12T06:37:59.452Z"}
{"level":"error","message":" Something is wrong ","timestamp":"2021-10-12T07:02:59.113Z"}
{"level":"error","message":" Something is wrong ","timestamp":"2021-10-12T07:05:33.878Z"}
{"level":"error","message":" Something is wrong ","timestamp":"2021-10-12T07:09:32.458Z"}
{"level":"error","message":" Something is wrong ","timestamp":"2021-10-12T07:12:56.263Z"}
{"level":"error","message":" Something is wrong ","timestamp":"2021-10-12T07:16:07.998Z"}
{"level":"error","message":" Something is wrong ","timestamp":"2021-10-12T07:33:52.112Z"}
{"level":"error","message":"Invalid password","timestamp":"2021-10-12T07:34:06.750Z"}
{"level":"error","message":" Something is wrong ","timestamp":"2021-10-12T07:35:01.868Z"}
{"level":"error","message":" Something is wrong ","timestamp":"2021-10-12T07:41:57.161Z"}
{"level":"error","message":" Something is wrong ","timestamp":"2021-10-12T10:31:53.882Z"}
{"level":"error","message":" Something is wrong ","timestamp":"2021-10-12T10:42:58.977Z"}
{"level":"error","message":" Something is wrong ","timestamp":"2021-10-12T10:48:29.697Z"}
{"level":"error","message":" Something is wrong ","timestamp":"2021-10-12T10:52:58.775Z"}
{"level":"error","message":" Something is wrong ","timestamp":"2021-10-12T10:54:03.403Z"}
{"level":"error","message":" Something is wrong ","timestamp":"2021-10-12T10:57:26.208Z"}
{"level":"error","message":" Something is wrong ","timestamp":"2021-10-12T10:59:27.037Z"}
{"level":"error","message":" Something is wrong ","timestamp":"2021-10-12T11:03:36.201Z"}
{"level":"error","message":" Something is wrong ","timestamp":"2021-10-12T11:32:04.213Z"}
{"level":"error","message":"Invalid password","timestamp":"2021-10-12T11:32:07.484Z"}
{"level":"error","message":" Something is wrong ","timestamp":"2021-10-12T11:38:34.815Z"}
{"level":"error","message":"Invalid password","timestamp":"2021-10-12T11:38:37.610Z"}
{"level":"error","message":" Something is wrong ","timestamp":"2021-10-12T11:47:29.956Z"}
{"level":"error","message":"Invalid password","timestamp":"2021-10-12T11:47:32.977Z"}
{"level":"error","message":" Something is wrong ","timestamp":"2021-10-12T11:48:52.813Z"}
{"level":"error","message":"Invalid password","timestamp":"2021-10-12T11:48:55.631Z"}
{"level":"error","message":" Something is wrong ","timestamp":"2021-10-12T11:51:12.877Z"}
{"level":"error","message":"Invalid password","timestamp":"2021-10-12T11:51:15.602Z"}
{"level":"error","message":" Something is wrong ","timestamp":"2021-10-12T12:20:57.325Z"}
{"level":"error","message":"Invalid password","timestamp":"2021-10-12T12:20:59.632Z"}
{"level":"error","message":" Something is wrong ","timestamp":"2021-10-12T12:22:13.868Z"}
{"level":"error","message":" Something is wrong ","timestamp":"2021-10-12T12:24:29.431Z"}
{"level":"error","message":" Something is wrong ","timestamp":"2021-10-12T12:25:41.223Z"}
{"level":"error","message":"Invalid password","timestamp":"2021-10-12T12:25:43.379Z"}
{"level":"error","message":" Something is wrong ","timestamp":"2021-10-12T12:28:37.674Z"}
{"level":"error","message":"Invalid password","timestamp":"2021-10-12T12:28:40.324Z"}
{"level":"error","message":" Something is wrong ","timestamp":"2021-10-12T12:37:32.272Z"}
{"level":"error","message":"Invalid password","timestamp":"2021-10-12T12:37:34.989Z"}
{"level":"error","message":" Something is wrong ","timestamp":"2021-10-12T12:39:11.601Z"}
{"level":"error","message":"Invalid password","timestamp":"2021-10-12T12:39:14.000Z"}
{"level":"error","message":" Something is wrong ","timestamp":"2021-10-12T12:48:01.586Z"}
{"level":"error","message":"Invalid password","timestamp":"2021-10-12T12:48:03.698Z"}
{"level":"error","message":" Something is wrong ","timestamp":"2021-10-12T12:49:52.189Z"}
{"level":"error","message":"Invalid password","timestamp":"2021-10-12T12:49:54.247Z"}
{"level":"error","message":" Something is wrong ","timestamp":"2021-10-12T12:50:48.477Z"}
{"level":"error","message":"Invalid password","timestamp":"2021-10-12T12:50:50.481Z"}
{"level":"error","message":" Something is wrong ","timestamp":"2021-10-12T12:51:46.578Z"}
{"level":"error","message":"Invalid password","timestamp":"2021-10-12T12:51:48.812Z"}
{"level":"error","message":" Something is wrong ","timestamp":"2021-10-12T12:54:21.678Z"}
{"level":"error","message":"Invalid password","timestamp":"2021-10-12T12:54:23.762Z"}
{"level":"error","message":" Something is wrong ","timestamp":"2021-10-12T15:22:15.020Z"}
{"level":"error","message":"Invalid password","timestamp":"2021-10-12T15:22:19.758Z"}
{"level":"error","message":" Something is wrong ","timestamp":"2021-10-12T15:24:00.745Z"}
{"level":"error","message":"Invalid password","timestamp":"2021-10-12T15:24:03.244Z"}
{"level":"error","message":" Something is wrong ","timestamp":"2021-10-12T15:28:55.196Z"}
{"level":"error","message":"Invalid password","timestamp":"2021-10-12T15:28:57.156Z"}
{"level":"error","message":" Something is wrong ","timestamp":"2021-10-12T17:31:21.879Z"}
{"level":"error","message":" Something is wrong ","timestamp":"2021-10-12T17:43:20.638Z"}
{"level":"error","message":" Something is wrong ","timestamp":"2021-10-12T18:04:58.585Z"}
{"level":"error","message":" Something is wrong ","timestamp":"2021-10-12T18:23:22.801Z"}
{"level":"error","message":" Something is wrong ","timestamp":"2021-10-12T18:29:31.470Z"}
{"level":"error","message":"Invalid password","timestamp":"2021-10-12T18:29:34.650Z"}
{"level":"error","message":" Something is wrong ","timestamp":"2021-10-12T18:30:10.493Z"}
{"level":"error","message":"Invalid password","timestamp":"2021-10-12T18:30:12.811Z"}
{"level":"error","message":" Something is wrong ","timestamp":"2021-10-13T01:43:37.663Z"}
{"level":"error","message":" Something is wrong ","timestamp":"2021-10-13T10:57:01.286Z"}
{"level":"error","message":" Something is wrong ","timestamp":"2021-10-13T11:05:57.136Z"}
{"level":"error","message":" Something is wrong ","timestamp":"2021-10-13T11:08:56.389Z"}
{"level":"error","message":" Something is wrong ","timestamp":"2021-10-13T11:10:03.909Z"}
{"level":"error","message":" Something is wrong ","timestamp":"2021-10-13T11:10:28.810Z"}
{"level":"error","message":" Something is wrong ","timestamp":"2021-10-13T11:12:11.270Z"}
{"level":"error","message":"Invalid password","timestamp":"2021-10-13T11:12:14.029Z"}
{"level":"error","message":" Something is wrong ","timestamp":"2021-10-13T11:44:26.257Z"}
{"level":"error","message":"Label not created error occured","timestamp":"2021-10-13T11:54:38.846Z"}
{"level":"error","message":" Something is wrong ","timestamp":"2021-10-13T12:00:54.087Z"}
{"level":"error","message":"Label not created error occured","timestamp":"2021-10-13T12:00:59.986Z"}
{"level":"error","message":" Something is wrong ","timestamp":"2021-10-13T12:02:48.982Z"}
{"level":"error","message":"Label not created error occured","timestamp":"2021-10-13T12:03:29.458Z"}
{"level":"error","message":" Something is wrong ","timestamp":"2021-10-13T12:31:44.379Z"}
{"level":"error","message":"Invalid label body","timestamp":"2021-10-13T12:31:49.013Z"}
{"level":"error","message":" Something is wrong ","timestamp":"2021-10-13T12:34:00.315Z"}
{"level":"error","message":"Invalid label body","timestamp":"2021-10-13T12:34:04.639Z"}
{"level":"error","message":" Something is wrong ","timestamp":"2021-10-13T12:37:17.544Z"}
{"level":"error","message":"Label not created error occured","timestamp":"2021-10-13T12:37:23.131Z"}
{"level":"error","message":" Something is wrong ","timestamp":"2021-10-13T12:38:58.513Z"}
{"level":"error","message":" Something is wrong ","timestamp":"2021-10-13T13:14:38.680Z"}
{"level":"error","message":" Something is wrong ","timestamp":"2021-10-13T13:40:10.681Z"}
{"level":"error","message":" Something is wrong ","timestamp":"2021-10-13T13:44:03.331Z"}
{"level":"error","message":" Something is wrong ","timestamp":"2021-10-13T14:00:30.775Z"}
{"level":"error","message":" Something is wrong ","timestamp":"2021-10-13T14:03:51.565Z"}
{"level":"error","message":" Something is wrong ","timestamp":"2021-10-13T14:27:01.692Z"}
{"level":"error","message":" Something is wrong ","timestamp":"2021-10-13T14:37:41.292Z"}
{"level":"error","message":" Something is wrong ","timestamp":"2021-10-13T15:08:54.816Z"}
{"level":"error","message":" Something is wrong ","timestamp":"2021-10-13T15:12:12.078Z"}
{"level":"error","message":" Something is wrong ","timestamp":"2021-10-13T15:32:39.086Z"}
{"level":"error","message":" Something is wrong ","timestamp":"2021-10-13T17:47:01.957Z"}
{"level":"error","message":" Something is wrong ","timestamp":"2021-10-13T17:59:57.573Z"}
{"level":"error","message":"Label to be updated not found","timestamp":"2021-10-13T18:03:38.586Z"}
{"level":"error","message":"Label to be updated not found","timestamp":"2021-10-13T18:05:32.553Z"}
{"level":"error","message":" Something is wrong ","timestamp":"2021-10-13T18:09:50.968Z"}
{"level":"error","message":" Something is wrong ","timestamp":"2021-10-14T01:55:16.134Z"}
{"level":"error","message":" Something is wrong ","timestamp":"2021-10-14T02:10:05.968Z"}
{"level":"error","message":" Something is wrong ","timestamp":"2021-10-15T14:20:39.052Z"}
{"level":"error","message":" Something is wrong ","timestamp":"2021-10-15T14:26:51.088Z"}
{"level":"error","message":" Something is wrong ","timestamp":"2021-10-15T14:29:03.748Z"}
{"level":"error","message":" Something is wrong ","timestamp":"2021-10-15T14:41:18.956Z"}
{"level":"error","message":" Something is wrong ","timestamp":"2021-10-15T15:01:37.417Z"}
{"level":"error","message":" Something is wrong ","timestamp":"2021-10-15T15:03:05.910Z"}
{"level":"error","message":" Something is wrong ","timestamp":"2021-10-15T15:06:33.963Z"}
{"level":"error","message":" Something is wrong ","timestamp":"2021-10-15T15:07:26.196Z"}
{"level":"error","message":" Something is wrong ","timestamp":"2021-10-15T15:08:40.653Z"}
{"level":"error","message":" Something is wrong ","timestamp":"2021-10-15T15:13:07.179Z"}
{"level":"error","message":" Something is wrong ","timestamp":"2021-10-15T15:14:10.911Z"}
{"level":"error","message":" Something is wrong ","timestamp":"2021-10-15T15:19:51.553Z"}
{"level":"error","message":"Label to be updated not foudn due to error","timestamp":"2021-10-15T15:19:52.487Z"}
{"level":"error","message":" Something is wrong ","timestamp":"2021-10-15T15:23:06.847Z"}
{"level":"error","message":" Something is wrong ","timestamp":"2021-10-15T15:24:09.852Z"}
{"level":"error","message":" Something is wrong ","timestamp":"2021-10-15T15:26:59.262Z"}
{"level":"error","message":" Something is wrong ","timestamp":"2021-10-15T15:29:21.144Z"}
{"level":"error","message":" Something is wrong ","timestamp":"2021-10-15T15:35:05.650Z"}
{"level":"error","message":"Invalid label body","timestamp":"2021-10-15T15:35:06.206Z"}
{"level":"error","message":" Something is wrong ","timestamp":"2021-10-15T17:55:07.481Z"}
{"level":"error","message":"Invalid label body","timestamp":"2021-10-15T17:55:09.796Z"}
{"level":"error","message":" Something is wrong ","timestamp":"2021-10-15T18:11:29.007Z"}
{"level":"error","message":"Invalid label body","timestamp":"2021-10-15T18:11:29.594Z"}
{"level":"error","message":"Invalid password","timestamp":"2021-10-15T18:11:32.757Z"}
{"level":"error","message":" Something is wrong ","timestamp":"2021-10-15T18:30:06.540Z"}
{"level":"error","message":" Something is wrong ","timestamp":"2021-10-16T01:48:02.445Z"}
{"level":"error","message":" Something is wrong ","timestamp":"2021-10-16T01:58:17.651Z"}
{"level":"error","message":" Something is wrong ","timestamp":"2021-10-16T02:03:18.215Z"}
{"level":"error","message":" Something is wrong ","timestamp":"2021-10-17T02:30:51.948Z"}
{"level":"error","message":" Something is wrong ","timestamp":"2021-10-17T02:59:57.191Z"}
{"level":"error","message":" Something is wrong ","timestamp":"2021-10-17T05:18:08.998Z"}
{"level":"error","message":" Something is wrong ","timestamp":"2021-10-17T05:49:43.838Z"}
{"level":"error","message":" Something is wrong ","timestamp":"2021-10-17T06:16:13.426Z"}
{"level":"error","message":" Something is wrong ","timestamp":"2021-10-17T10:37:29.750Z"}
{"level":"error","message":" Something is wrong ","timestamp":"2021-10-17T10:51:20.688Z"}
{"level":"error","message":" Something is wrong ","timestamp":"2021-10-17T10:59:47.136Z"}
{"level":"error","message":" Something is wrong ","timestamp":"2021-10-17T11:01:03.095Z"}
{"level":"error","message":" Something is wrong ","timestamp":"2021-10-17T11:12:48.717Z"}
{"level":"error","message":" Something is wrong ","timestamp":"2021-10-17T11:14:59.051Z"}
{"level":"error","message":" Something is wrong ","timestamp":"2021-10-17T11:28:16.595Z"}
{"level":"error","message":" Something is wrong ","timestamp":"2021-10-17T11:45:57.515Z"}
{"level":"error","message":" Something is wrong ","timestamp":"2021-10-17T11:58:54.053Z"}
{"level":"error","message":" Something is wrong ","timestamp":"2021-10-17T12:54:07.652Z"}
{"level":"error","message":"Invalid label body","timestamp":"2021-10-17T12:54:08.472Z"}
{"level":"error","message":"Invalid password","timestamp":"2021-10-17T12:54:11.593Z"}
{"level":"error","message":" Something is wrong ","timestamp":"2021-10-17T12:55:40.674Z"}
{"level":"error","message":"Invalid label body","timestamp":"2021-10-17T12:55:41.282Z"}
{"level":"error","message":"Invalid password","timestamp":"2021-10-17T12:55:43.731Z"}
{"level":"error","message":" Something is wrong ","timestamp":"2021-10-17T12:58:52.588Z"}
{"level":"error","message":"Invalid label body","timestamp":"2021-10-17T12:58:53.135Z"}
{"level":"error","message":"Invalid password","timestamp":"2021-10-17T12:58:55.196Z"}
{"level":"error","message":" Something is wrong ","timestamp":"2021-10-17T13:00:01.147Z"}
{"level":"error","message":"Invalid label body","timestamp":"2021-10-17T13:00:01.697Z"}
{"level":"error","message":"Invalid password","timestamp":"2021-10-17T13:00:03.720Z"}
{"level":"error","message":" Something is wrong ","timestamp":"2021-10-17T13:26:18.818Z"}
{"level":"error","message":" Something is wrong ","timestamp":"2021-10-17T13:31:57.521Z"}
{"level":"error","message":" Something is wrong ","timestamp":"2021-10-17T13:50:23.884Z"}
{"level":"error","message":" Something is wrong ","timestamp":"2021-10-17T14:04:03.541Z"}
{"level":"error","message":" Something is wrong ","timestamp":"2021-10-17T14:23:22.253Z"}
{"level":"error","message":" Something is wrong ","timestamp":"2021-10-17T14:39:49.550Z"}
{"level":"error","message":" Something is wrong ","timestamp":"2021-10-17T14:42:22.842Z"}
{"level":"error","message":" Something is wrong ","timestamp":"2021-10-18T01:50:11.435Z"}
{"level":"error","message":" Something is wrong ","timestamp":"2021-10-18T17:33:06.508Z"}
{"level":"error","message":" Something is wrong ","timestamp":"2021-10-18T17:37:36.710Z"}
{"level":"error","message":" Something is wrong ","timestamp":"2021-10-18T18:01:57.341Z"}
{"level":"error","message":" Something is wrong ","timestamp":"2021-10-18T18:48:32.378Z"}
{"level":"error","message":" Something is wrong ","timestamp":"2021-10-18T18:54:49.439Z"}
{"level":"error","message":" Something is wrong ","timestamp":"2021-10-19T02:04:57.885Z"}
{"level":"error","message":" Something is wrong ","timestamp":"2021-10-19T06:32:03.088Z"}
{"level":"error","message":" Something is wrong ","timestamp":"2021-10-19T06:39:16.387Z"}
{"level":"error","message":" Something is wrong ","timestamp":"2021-10-19T06:46:32.301Z"}
{"level":"error","message":" Something is wrong ","timestamp":"2021-10-19T06:56:20.008Z"}
{"level":"error","message":" Something is wrong ","timestamp":"2021-10-19T07:02:42.192Z"}
{"level":"error","message":" Something is wrong ","timestamp":"2021-10-19T13:36:53.494Z"}
{"level":"error","message":" Something is wrong ","timestamp":"2021-10-19T15:29:03.204Z"}
{"level":"error","message":" Something is wrong ","timestamp":"2021-10-19T15:31:37.757Z"}
{"level":"error","message":" Something is wrong ","timestamp":"2021-10-19T15:37:09.383Z"}
{"level":"error","message":" Something is wrong ","timestamp":"2021-10-19T16:01:24.805Z"}
{"level":"error","message":" Something is wrong ","timestamp":"2021-10-19T16:03:24.374Z"}
{"level":"error","message":" Something is wrong ","timestamp":"2021-10-19T16:09:19.940Z"}
{"level":"error","message":" Something is wrong ","timestamp":"2021-10-19T16:11:42.620Z"}
{"level":"error","message":" Something is wrong ","timestamp":"2021-10-19T16:12:16.716Z"}
{"level":"error","message":" Something is wrong ","timestamp":"2021-10-19T16:18:28.522Z"}
{"level":"error","message":" Something is wrong ","timestamp":"2021-10-19T17:33:36.148Z"}
{"level":"error","message":" Something is wrong ","timestamp":"2021-10-19T17:36:08.793Z"}
{"level":"error","message":" Something is wrong ","timestamp":"2021-10-19T18:07:00.136Z"}
{"level":"error","message":" Something is wrong ","timestamp":"2021-10-19T18:20:15.465Z"}
{"level":"error","message":" Something is wrong ","timestamp":"2021-10-19T18:24:35.691Z"}
{"level":"error","message":" Something is wrong ","timestamp":"2021-10-19T18:27:17.012Z"}
{"level":"error","message":" Something is wrong ","timestamp":"2021-10-19T18:29:53.177Z"}
{"level":"error","message":" Something is wrong ","timestamp":"2021-10-19T18:30:45.585Z"}
{"level":"error","message":" Something is wrong ","timestamp":"2021-10-19T18:32:40.695Z"}
{"level":"error","message":" Something is wrong ","timestamp":"2021-10-19T18:33:06.399Z"}
{"level":"error","message":" Something is wrong ","timestamp":"2021-10-19T18:42:50.404Z"}
{"level":"error","message":" Something is wrong ","timestamp":"2021-10-19T18:44:05.291Z"}
{"level":"error","message":" Something is wrong ","timestamp":"2021-10-19T18:45:30.155Z"}
{"level":"error","message":" Something is wrong ","timestamp":"2021-10-19T18:47:20.918Z"}
{"level":"error","message":" Something is wrong ","timestamp":"2021-10-19T18:57:25.646Z"}
{"level":"error","message":" Something is wrong ","timestamp":"2021-10-19T18:59:25.555Z"}
{"level":"error","message":" Something is wrong ","timestamp":"2021-10-19T19:05:20.863Z"}
{"level":"error","message":" Something is wrong ","timestamp":"2021-10-19T19:06:06.590Z"}
{"level":"error","message":" Something is wrong ","timestamp":"2021-10-19T19:07:08.715Z"}
{"level":"error","message":" Something is wrong ","timestamp":"2021-10-19T19:09:53.260Z"}
{"level":"error","message":" Something is wrong ","timestamp":"2021-10-19T19:11:08.219Z"}
{"level":"error","message":" Something is wrong ","timestamp":"2021-10-20T02:04:22.559Z"}
{"level":"error","message":" Something is wrong ","timestamp":"2021-10-20T02:12:23.557Z"}
{"level":"error","message":" Something is wrong ","timestamp":"2021-10-20T02:43:25.104Z"}
{"level":"error","message":"Invalid label body","timestamp":"2021-10-20T02:43:26.712Z"}
{"level":"error","message":"Invalid password","timestamp":"2021-10-20T02:43:35.973Z"}
{"level":"error","message":" Something is wrong ","timestamp":"2021-10-20T02:44:04.008Z"}
{"level":"error","message":"Invalid label body","timestamp":"2021-10-20T02:44:04.574Z"}
{"level":"error","message":"Invalid password","timestamp":"2021-10-20T02:44:07.000Z"}
{"level":"error","message":" Something is wrong ","timestamp":"2021-10-20T12:59:49.264Z"}
{"level":"error","message":" Something is wrong ","timestamp":"2021-10-20T14:24:56.779Z"}
{"level":"error","message":" Something is wrong ","timestamp":"2021-10-20T14:30:22.403Z"}
{"level":"error","message":" Something is wrong ","timestamp":"2021-10-20T14:38:22.620Z"}
{"level":"error","message":" Something is wrong ","timestamp":"2021-10-20T14:45:04.092Z"}
{"level":"error","message":" Something is wrong ","timestamp":"2021-10-20T14:45:48.397Z"}
{"level":"error","message":" Something is wrong ","timestamp":"2021-10-20T14:49:48.154Z"}
{"level":"error","message":" Something is wrong ","timestamp":"2021-10-20T14:53:12.562Z"}
{"level":"error","message":" Something is wrong ","timestamp":"2021-10-20T17:51:33.195Z"}
{"level":"error","message":" Something is wrong ","timestamp":"2021-10-20T17:56:26.954Z"}
{"level":"error","message":" Something is wrong ","timestamp":"2021-10-21T02:06:37.622Z"}
{"level":"error","message":" Something is wrong ","timestamp":"2021-10-21T02:54:40.891Z"}
{"level":"error","message":"Invalid label body","timestamp":"2021-10-21T02:54:44.295Z"}
{"level":"error","message":"Invalid password","timestamp":"2021-10-21T02:54:55.152Z"}
{"level":"error","message":" Something is wrong ","timestamp":"2021-10-21T02:55:44.927Z"}
{"level":"error","message":"Invalid label body","timestamp":"2021-10-21T02:55:45.583Z"}
{"level":"error","message":"Invalid password","timestamp":"2021-10-21T02:55:48.963Z"}
{"level":"error","message":" Something is wrong ","timestamp":"2021-10-21T02:59:11.398Z"}
{"level":"error","message":" Something is wrong ","timestamp":"2021-10-21T15:13:14.609Z"}
{"level":"error","message":" Something is wrong ","timestamp":"2021-10-21T15:14:31.007Z"}
{"level":"error","message":" Something is wrong ","timestamp":"2021-10-21T15:22:46.095Z"}
{"level":"error","message":" Something is wrong ","timestamp":"2021-10-21T15:55:26.313Z"}
{"level":"error","message":" Something is wrong ","timestamp":"2021-10-21T15:58:05.792Z"}
{"level":"error","message":" Something is wrong ","timestamp":"2021-10-21T16:03:58.735Z"}
{"level":"error","message":" Something is wrong ","timestamp":"2021-10-21T16:07:54.473Z"}
{"level":"error","message":" Something is wrong ","timestamp":"2021-10-21T16:14:08.936Z"}
{"level":"error","message":" Something is wrong ","timestamp":"2021-10-21T16:18:33.831Z"}
{"level":"error","message":" Something is wrong ","timestamp":"2021-10-21T16:19:28.995Z"}
{"level":"error","message":" Something is wrong ","timestamp":"2021-10-21T16:35:36.372Z"}
{"level":"error","message":" Something is wrong ","timestamp":"2021-10-21T16:36:44.529Z"}
{"level":"error","message":" Something is wrong ","timestamp":"2021-10-21T16:41:28.243Z"}
{"level":"error","message":" Something is wrong ","timestamp":"2021-10-21T16:44:18.264Z"}
{"level":"error","message":" Something is wrong ","timestamp":"2021-10-21T16:54:00.812Z"}
{"level":"error","message":" Something is wrong ","timestamp":"2021-10-21T16:58:08.521Z"}
{"level":"error","message":" Something is wrong ","timestamp":"2021-10-21T17:19:34.098Z"}
{"level":"error","message":" Something is wrong ","timestamp":"2021-10-21T17:21:21.318Z"}
{"level":"error","message":" Something is wrong ","timestamp":"2021-10-21T17:24:27.716Z"}
{"level":"error","message":" Something is wrong ","timestamp":"2021-10-21T17:25:26.699Z"}
{"level":"error","message":" Something is wrong ","timestamp":"2021-10-21T17:27:25.749Z"}
{"level":"error","message":" Something is wrong ","timestamp":"2021-10-21T17:31:15.326Z"}
{"level":"error","message":" Something is wrong ","timestamp":"2021-10-21T17:41:42.645Z"}
{"level":"error","message":" Something is wrong ","timestamp":"2021-10-21T17:44:19.980Z"}
{"level":"error","message":" Something is wrong ","timestamp":"2021-10-21T18:18:19.419Z"}
{"level":"error","message":" Something is wrong ","timestamp":"2021-10-21T18:23:30.285Z"}
{"level":"error","message":" Something is wrong ","timestamp":"2021-10-21T18:29:26.847Z"}
{"level":"error","message":" Something is wrong ","timestamp":"2021-10-21T18:57:37.236Z"}
{"level":"error","message":" Something is wrong ","timestamp":"2021-10-21T19:03:45.287Z"}
{"level":"error","message":" Something is wrong ","timestamp":"2021-10-21T19:20:26.938Z"}
{"level":"error","message":" Something is wrong ","timestamp":"2021-10-21T19:36:01.411Z"}
{"level":"error","message":" Something is wrong ","timestamp":"2021-10-21T19:44:06.607Z"}
{"level":"error","message":" Something is wrong ","timestamp":"2021-10-21T19:48:10.487Z"}
{"level":"error","message":" Something is wrong ","timestamp":"2021-10-21T19:58:09.118Z"}
{"level":"error","message":" Something is wrong ","timestamp":"2021-10-21T20:01:48.485Z"}
{"level":"error","message":" Something is wrong ","timestamp":"2021-10-21T20:02:29.146Z"}
{"level":"error","message":" Something is wrong ","timestamp":"2021-10-22T02:00:32.432Z"}
{"level":"error","message":" Something is wrong ","timestamp":"2021-10-22T02:02:59.218Z"}
{"level":"error","message":" Something is wrong ","timestamp":"2021-10-22T02:08:06.672Z"}
{"level":"error","message":" Something is wrong ","timestamp":"2021-10-22T02:10:11.246Z"}
{"level":"error","message":" Something is wrong ","timestamp":"2021-10-22T03:13:14.096Z"}
{"level":"error","message":" Something is wrong ","timestamp":"2021-10-22T03:39:46.586Z"}
{"level":"error","message":" Something is wrong ","timestamp":"2021-10-22T03:53:49.663Z"}
{"level":"error","message":" Something is wrong ","timestamp":"2021-10-22T03:56:28.142Z"}
{"level":"error","message":" Something is wrong ","timestamp":"2021-10-22T03:59:28.745Z"}
{"level":"error","message":" Something is wrong ","timestamp":"2021-10-22T04:04:25.396Z"}
{"level":"error","message":" Something is wrong ","timestamp":"2021-10-22T04:14:12.619Z"}
{"level":"error","message":" Something is wrong ","timestamp":"2021-10-22T04:15:44.738Z"}
{"level":"error","message":" Something is wrong ","timestamp":"2021-10-22T04:24:22.145Z"}
{"level":"error","message":" Something is wrong ","timestamp":"2021-10-22T04:27:14.237Z"}
{"level":"error","message":" Something is wrong ","timestamp":"2021-10-22T04:28:23.523Z"}
{"level":"error","message":" Something is wrong ","timestamp":"2021-10-22T04:33:10.736Z"}
{"level":"error","message":" Something is wrong ","timestamp":"2021-10-22T04:36:20.679Z"}
{"level":"error","message":" Something is wrong ","timestamp":"2021-10-22T04:39:51.452Z"}
{"level":"error","message":" Something is wrong ","timestamp":"2021-10-22T04:50:13.590Z"}
{"level":"error","message":" Something is wrong ","timestamp":"2021-10-22T04:51:22.344Z"}
{"level":"error","message":" Something is wrong ","timestamp":"2021-10-22T04:52:57.371Z"}
{"level":"error","message":" Something is wrong ","timestamp":"2021-10-22T04:54:07.662Z"}
{"level":"error","message":" Something is wrong ","timestamp":"2021-10-22T04:54:55.643Z"}
{"level":"error","message":" Something is wrong ","timestamp":"2021-10-22T04:55:36.282Z"}
{"level":"error","message":" Something is wrong ","timestamp":"2021-10-22T04:56:36.991Z"}
{"level":"error","message":" Something is wrong ","timestamp":"2021-10-22T04:57:37.669Z"}
{"level":"error","message":" Something is wrong ","timestamp":"2021-10-22T04:59:18.536Z"}
{"level":"error","message":" Something is wrong ","timestamp":"2021-10-22T05:00:30.775Z"}
{"level":"error","message":" Something is wrong ","timestamp":"2021-10-22T05:03:09.918Z"}
{"level":"error","message":" Something is wrong ","timestamp":"2021-10-22T05:08:30.271Z"}
{"level":"error","message":" Something is wrong ","timestamp":"2021-10-22T05:12:15.266Z"}
{"level":"error","message":" Something is wrong ","timestamp":"2021-10-22T06:52:56.708Z"}
{"level":"error","message":" Something is wrong ","timestamp":"2021-10-22T06:55:05.029Z"}
